{"D:\\JU CSE Courses\\4-2\\SQA\\Konta-Niben\\backend\\controllers\\adminController\\adminDashboard.js": {"path":"D:\\JU CSE Courses\\4-2\\SQA\\Konta-Niben\\backend\\controllers\\adminController\\adminDashboard.js","statementMap":{"0":{"start":{"line":1,"column":16},"end":{"line":1,"column":52}},"1":{"start":{"line":2,"column":13},"end":{"line":2,"column":46}},"2":{"start":{"line":9,"column":22},"end":{"line":11,"column":1}},"3":{"start":{"line":10,"column":4},"end":{"line":10,"column":45}},"4":{"start":{"line":22,"column":19},"end":{"line":26,"column":3}},"5":{"start":{"line":22,"column":62},"end":{"line":26,"column":3}},"6":{"start":{"line":22,"column":80},"end":{"line":26,"column":1}},"7":{"start":{"line":34,"column":28},"end":{"line":36,"column":1}},"8":{"start":{"line":35,"column":4},"end":{"line":35,"column":103}},"9":{"start":{"line":35,"column":47},"end":{"line":35,"column":101}},"10":{"start":{"line":48,"column":23},"end":{"line":70,"column":1}},"11":{"start":{"line":49,"column":4},"end":{"line":69,"column":5}},"12":{"start":{"line":51,"column":37},"end":{"line":51,"column":67}},"13":{"start":{"line":52,"column":32},"end":{"line":52,"column":59}},"14":{"start":{"line":53,"column":35},"end":{"line":53,"column":117}},"15":{"start":{"line":54,"column":38},"end":{"line":54,"column":154}},"16":{"start":{"line":55,"column":32},"end":{"line":55,"column":146}},"17":{"start":{"line":56,"column":36},"end":{"line":56,"column":110}},"18":{"start":{"line":57,"column":32},"end":{"line":57,"column":71}},"19":{"start":{"line":60,"column":8},"end":{"line":65,"column":11}},"20":{"start":{"line":68,"column":8},"end":{"line":68,"column":97}},"21":{"start":{"line":72,"column":0},"end":{"line":72,"column":36}}},"fnMap":{"0":{"name":"(anonymous_0)","decl":{"start":{"line":9,"column":22},"end":{"line":9,"column":23}},"loc":{"start":{"line":9,"column":42},"end":{"line":11,"column":1}},"line":9},"1":{"name":"(anonymous_1)","decl":{"start":{"line":22,"column":19},"end":{"line":22,"column":20}},"loc":{"start":{"line":22,"column":62},"end":{"line":26,"column":3}},"line":22},"2":{"name":"(anonymous_2)","decl":{"start":{"line":22,"column":71},"end":{"line":22,"column":72}},"loc":{"start":{"line":22,"column":80},"end":{"line":26,"column":1}},"line":22},"3":{"name":"(anonymous_3)","decl":{"start":{"line":34,"column":28},"end":{"line":34,"column":29}},"loc":{"start":{"line":34,"column":59},"end":{"line":36,"column":1}},"line":34},"4":{"name":"(anonymous_4)","decl":{"start":{"line":35,"column":32},"end":{"line":35,"column":33}},"loc":{"start":{"line":35,"column":47},"end":{"line":35,"column":101}},"line":35},"5":{"name":"(anonymous_5)","decl":{"start":{"line":48,"column":23},"end":{"line":48,"column":24}},"loc":{"start":{"line":48,"column":43},"end":{"line":70,"column":1}},"line":48}},"branchMap":{"0":{"loc":{"start":{"line":25,"column":14},"end":{"line":25,"column":71}},"type":"cond-expr","locations":[{"start":{"line":25,"column":25},"end":{"line":25,"column":66}},{"start":{"line":25,"column":69},"end":{"line":25,"column":71}}],"line":25}},"s":{"0":1,"1":1,"2":1,"3":3,"4":1,"5":2,"6":2,"7":1,"8":1,"9":1,"10":1,"11":2,"12":2,"13":1,"14":1,"15":1,"16":1,"17":1,"18":1,"19":1,"20":1,"21":1},"f":{"0":3,"1":2,"2":2,"3":1,"4":1,"5":2},"b":{"0":[1,1]},"_coverageSchema":"1a1c01bbd47fc00a2c39e90264f33305004495a9","hash":"575697cf4111e1d07406d8fa39432f719e7563ed"}
,"D:\\JU CSE Courses\\4-2\\SQA\\Konta-Niben\\backend\\controllers\\productController\\getProductRecommendation.js": {"path":"D:\\JU CSE Courses\\4-2\\SQA\\Konta-Niben\\backend\\controllers\\productController\\getProductRecommendation.js","statementMap":{"0":{"start":{"line":1,"column":16},"end":{"line":1,"column":52}},"1":{"start":{"line":19,"column":33},"end":{"line":54,"column":1}},"2":{"start":{"line":20,"column":4},"end":{"line":53,"column":5}},"3":{"start":{"line":21,"column":106},"end":{"line":21,"column":114}},"4":{"start":{"line":24,"column":8},"end":{"line":26,"column":9}},"5":{"start":{"line":25,"column":12},"end":{"line":25,"column":130}},"6":{"start":{"line":28,"column":8},"end":{"line":30,"column":9}},"7":{"start":{"line":29,"column":12},"end":{"line":29,"column":78}},"8":{"start":{"line":32,"column":27},"end":{"line":36,"column":9}},"9":{"start":{"line":38,"column":8},"end":{"line":40,"column":9}},"10":{"start":{"line":39,"column":12},"end":{"line":39,"column":73}},"11":{"start":{"line":42,"column":36},"end":{"line":42,"column":66}},"12":{"start":{"line":44,"column":8},"end":{"line":46,"column":9}},"13":{"start":{"line":45,"column":12},"end":{"line":45,"column":112}},"14":{"start":{"line":48,"column":8},"end":{"line":48,"column":57}},"15":{"start":{"line":52,"column":8},"end":{"line":52,"column":69}},"16":{"start":{"line":56,"column":0},"end":{"line":56,"column":46}}},"fnMap":{"0":{"name":"(anonymous_0)","decl":{"start":{"line":19,"column":33},"end":{"line":19,"column":34}},"loc":{"start":{"line":19,"column":53},"end":{"line":54,"column":1}},"line":19}},"branchMap":{"0":{"loc":{"start":{"line":24,"column":8},"end":{"line":26,"column":9}},"type":"if","locations":[{"start":{"line":24,"column":8},"end":{"line":26,"column":9}},{"start":{},"end":{}}],"line":24},"1":{"loc":{"start":{"line":24,"column":12},"end":{"line":24,"column":84}},"type":"binary-expr","locations":[{"start":{"line":24,"column":12},"end":{"line":24,"column":28}},{"start":{"line":24,"column":32},"end":{"line":24,"column":56}},{"start":{"line":24,"column":60},"end":{"line":24,"column":84}}],"line":24},"2":{"loc":{"start":{"line":28,"column":8},"end":{"line":30,"column":9}},"type":"if","locations":[{"start":{"line":28,"column":8},"end":{"line":30,"column":9}},{"start":{},"end":{}}],"line":28},"3":{"loc":{"start":{"line":28,"column":12},"end":{"line":28,"column":56}},"type":"binary-expr","locations":[{"start":{"line":28,"column":12},"end":{"line":28,"column":30}},{"start":{"line":28,"column":34},"end":{"line":28,"column":56}}],"line":28},"4":{"loc":{"start":{"line":38,"column":8},"end":{"line":40,"column":9}},"type":"if","locations":[{"start":{"line":38,"column":8},"end":{"line":40,"column":9}},{"start":{},"end":{}}],"line":38},"5":{"loc":{"start":{"line":44,"column":8},"end":{"line":46,"column":9}},"type":"if","locations":[{"start":{"line":44,"column":8},"end":{"line":46,"column":9}},{"start":{},"end":{}}],"line":44}},"s":{"0":1,"1":1,"2":7,"3":7,"4":7,"5":1,"6":6,"7":1,"8":5,"9":5,"10":2,"11":5,"12":4,"13":1,"14":3,"15":1,"16":1},"f":{"0":7},"b":{"0":[1,6],"1":[7,6,6],"2":[1,5],"3":[6,3],"4":[2,3],"5":[1,3]},"_coverageSchema":"1a1c01bbd47fc00a2c39e90264f33305004495a9","hash":"43b15dd1ec953d014a1fe3d4b016a5f759252828"}
,"D:\\JU CSE Courses\\4-2\\SQA\\Konta-Niben\\backend\\controllers\\productController\\searchAndSortProducts.js": {"path":"D:\\JU CSE Courses\\4-2\\SQA\\Konta-Niben\\backend\\controllers\\productController\\searchAndSortProducts.js","statementMap":{"0":{"start":{"line":1,"column":16},"end":{"line":1,"column":52}},"1":{"start":{"line":22,"column":30},"end":{"line":79,"column":1}},"2":{"start":{"line":23,"column":2},"end":{"line":78,"column":3}},"3":{"start":{"line":24,"column":85},"end":{"line":24,"column":93}},"4":{"start":{"line":25,"column":25},"end":{"line":25,"column":34}},"5":{"start":{"line":28,"column":29},"end":{"line":28,"column":31}},"6":{"start":{"line":30,"column":27},"end":{"line":30,"column":29}},"7":{"start":{"line":32,"column":6},"end":{"line":35,"column":7}},"8":{"start":{"line":33,"column":37},"end":{"line":33,"column":76}},"9":{"start":{"line":34,"column":10},"end":{"line":34,"column":94}},"10":{"start":{"line":37,"column":6},"end":{"line":39,"column":7}},"11":{"start":{"line":38,"column":10},"end":{"line":38,"column":49}},"12":{"start":{"line":41,"column":6},"end":{"line":43,"column":7}},"13":{"start":{"line":42,"column":10},"end":{"line":42,"column":50}},"14":{"start":{"line":45,"column":6},"end":{"line":47,"column":7}},"15":{"start":{"line":46,"column":10},"end":{"line":46,"column":44}},"16":{"start":{"line":50,"column":6},"end":{"line":52,"column":7}},"17":{"start":{"line":51,"column":10},"end":{"line":51,"column":95}},"18":{"start":{"line":55,"column":23},"end":{"line":55,"column":25}},"19":{"start":{"line":58,"column":6},"end":{"line":60,"column":9}},"20":{"start":{"line":63,"column":25},"end":{"line":63,"column":27}},"21":{"start":{"line":64,"column":6},"end":{"line":69,"column":7}},"22":{"start":{"line":65,"column":10},"end":{"line":65,"column":33}},"23":{"start":{"line":66,"column":10},"end":{"line":68,"column":13}},"24":{"start":{"line":72,"column":27},"end":{"line":72,"column":60}},"25":{"start":{"line":74,"column":6},"end":{"line":74,"column":41}},"26":{"start":{"line":77,"column":6},"end":{"line":77,"column":43}},"27":{"start":{"line":82,"column":0},"end":{"line":82,"column":43}}},"fnMap":{"0":{"name":"(anonymous_0)","decl":{"start":{"line":22,"column":30},"end":{"line":22,"column":31}},"loc":{"start":{"line":22,"column":50},"end":{"line":79,"column":1}},"line":22}},"branchMap":{"0":{"loc":{"start":{"line":32,"column":6},"end":{"line":35,"column":7}},"type":"if","locations":[{"start":{"line":32,"column":6},"end":{"line":35,"column":7}},{"start":{},"end":{}}],"line":32},"1":{"loc":{"start":{"line":32,"column":10},"end":{"line":32,"column":47}},"type":"binary-expr","locations":[{"start":{"line":32,"column":10},"end":{"line":32,"column":21}},{"start":{"line":32,"column":25},"end":{"line":32,"column":47}}],"line":32},"2":{"loc":{"start":{"line":37,"column":6},"end":{"line":39,"column":7}},"type":"if","locations":[{"start":{"line":37,"column":6},"end":{"line":39,"column":7}},{"start":{},"end":{}}],"line":37},"3":{"loc":{"start":{"line":37,"column":10},"end":{"line":37,"column":55}},"type":"binary-expr","locations":[{"start":{"line":37,"column":10},"end":{"line":37,"column":25}},{"start":{"line":37,"column":29},"end":{"line":37,"column":55}}],"line":37},"4":{"loc":{"start":{"line":41,"column":6},"end":{"line":43,"column":7}},"type":"if","locations":[{"start":{"line":41,"column":6},"end":{"line":43,"column":7}},{"start":{},"end":{}}],"line":41},"5":{"loc":{"start":{"line":41,"column":10},"end":{"line":41,"column":57}},"type":"binary-expr","locations":[{"start":{"line":41,"column":10},"end":{"line":41,"column":26}},{"start":{"line":41,"column":30},"end":{"line":41,"column":57}}],"line":41},"6":{"loc":{"start":{"line":45,"column":6},"end":{"line":47,"column":7}},"type":"if","locations":[{"start":{"line":45,"column":6},"end":{"line":47,"column":7}},{"start":{},"end":{}}],"line":45},"7":{"loc":{"start":{"line":50,"column":6},"end":{"line":52,"column":7}},"type":"if","locations":[{"start":{"line":50,"column":6},"end":{"line":52,"column":7}},{"start":{},"end":{}}],"line":50},"8":{"loc":{"start":{"line":50,"column":10},"end":{"line":50,"column":58}},"type":"binary-expr","locations":[{"start":{"line":50,"column":10},"end":{"line":50,"column":32}},{"start":{"line":50,"column":36},"end":{"line":50,"column":58}}],"line":50},"9":{"loc":{"start":{"line":64,"column":6},"end":{"line":69,"column":7}},"type":"if","locations":[{"start":{"line":64,"column":6},"end":{"line":69,"column":7}},{"start":{},"end":{}}],"line":64},"10":{"loc":{"start":{"line":64,"column":10},"end":{"line":64,"column":63}},"type":"binary-expr","locations":[{"start":{"line":64,"column":10},"end":{"line":64,"column":35}},{"start":{"line":64,"column":39},"end":{"line":64,"column":63}}],"line":64}},"s":{"0":1,"1":1,"2":2,"3":2,"4":2,"5":2,"6":2,"7":2,"8":0,"9":0,"10":2,"11":0,"12":2,"13":0,"14":2,"15":0,"16":2,"17":0,"18":2,"19":2,"20":2,"21":2,"22":0,"23":0,"24":2,"25":1,"26":1,"27":1},"f":{"0":2},"b":{"0":[0,2],"1":[2,0],"2":[0,2],"3":[2,0],"4":[0,2],"5":[2,0],"6":[0,2],"7":[0,2],"8":[2,0],"9":[0,2],"10":[2,2]},"_coverageSchema":"1a1c01bbd47fc00a2c39e90264f33305004495a9","hash":"2aed44ed039caea93140e6378696a636a6f48e94"}
,"D:\\JU CSE Courses\\4-2\\SQA\\Konta-Niben\\backend\\models\\productModel.js": {"path":"D:\\JU CSE Courses\\4-2\\SQA\\Konta-Niben\\backend\\models\\productModel.js","statementMap":{"0":{"start":{"line":1,"column":17},"end":{"line":1,"column":36}},"1":{"start":{"line":3,"column":22},"end":{"line":44,"column":2}},"2":{"start":{"line":46,"column":0},"end":{"line":46,"column":58}}},"fnMap":{},"branchMap":{},"s":{"0":3,"1":3,"2":3},"f":{},"b":{},"_coverageSchema":"1a1c01bbd47fc00a2c39e90264f33305004495a9","hash":"538a6c143fcaf3bc35c6f53191f47c6569f6ccd8"}
,"D:\\JU CSE Courses\\4-2\\SQA\\Konta-Niben\\backend\\models\\userModel.js": {"path":"D:\\JU CSE Courses\\4-2\\SQA\\Konta-Niben\\backend\\models\\userModel.js","statementMap":{"0":{"start":{"line":1,"column":17},"end":{"line":1,"column":36}},"1":{"start":{"line":3,"column":19},"end":{"line":23,"column":2}},"2":{"start":{"line":25,"column":0},"end":{"line":25,"column":52}}},"fnMap":{},"branchMap":{},"s":{"0":1,"1":1,"2":1},"f":{},"b":{},"_coverageSchema":"1a1c01bbd47fc00a2c39e90264f33305004495a9","hash":"10277f1744d2e6e041bdd789093b6bd3ca687210"}
}
