TN:
SF:controllers\adminController\adminDashboard.js
FN:9,(anonymous_0)
FN:22,(anonymous_1)
FN:22,(anonymous_2)
FN:34,(anonymous_3)
FN:35,(anonymous_4)
FN:48,(anonymous_5)
FNF:6
FNH:6
FNDA:3,(anonymous_0)
FNDA:2,(anonymous_1)
FNDA:2,(anonymous_2)
FNDA:1,(anonymous_3)
FNDA:1,(anonymous_4)
FNDA:2,(anonymous_5)
DA:1,1
DA:2,1
DA:9,1
DA:10,3
DA:22,2
DA:34,1
DA:35,1
DA:48,1
DA:49,2
DA:51,2
DA:52,1
DA:53,1
DA:54,1
DA:55,1
DA:56,1
DA:57,1
DA:60,1
DA:68,1
DA:72,1
LF:19
LH:19
BRDA:25,0,0,1
BRDA:25,0,1,1
BRF:2
BRH:2
end_of_record
TN:
SF:controllers\productController\getProductRecommendation.js
FN:19,(anonymous_0)
FNF:1
FNH:1
FNDA:7,(anonymous_0)
DA:1,1
DA:19,1
DA:20,7
DA:21,7
DA:24,7
DA:25,1
DA:28,6
DA:29,1
DA:32,5
DA:38,5
DA:39,2
DA:42,5
DA:44,4
DA:45,1
DA:48,3
DA:52,1
DA:56,1
LF:17
LH:17
BRDA:24,0,0,1
BRDA:24,0,1,6
BRDA:24,1,0,7
BRDA:24,1,1,6
BRDA:24,1,2,6
BRDA:28,2,0,1
BRDA:28,2,1,5
BRDA:28,3,0,6
BRDA:28,3,1,3
BRDA:38,4,0,2
BRDA:38,4,1,3
BRDA:44,5,0,1
BRDA:44,5,1,3
BRF:13
BRH:13
end_of_record
TN:
SF:controllers\productController\searchAndSortProducts.js
FN:22,(anonymous_0)
FNF:1
FNH:1
FNDA:2,(anonymous_0)
DA:1,1
DA:22,1
DA:23,2
DA:24,2
DA:25,2
DA:28,2
DA:30,2
DA:32,2
DA:33,0
DA:34,0
DA:37,2
DA:38,0
DA:41,2
DA:42,0
DA:45,2
DA:46,0
DA:50,2
DA:51,0
DA:55,2
DA:58,2
DA:63,2
DA:64,2
DA:65,0
DA:66,0
DA:72,2
DA:74,1
DA:77,1
DA:82,1
LF:28
LH:20
BRDA:32,0,0,0
BRDA:32,0,1,2
BRDA:32,1,0,2
BRDA:32,1,1,0
BRDA:37,2,0,0
BRDA:37,2,1,2
BRDA:37,3,0,2
BRDA:37,3,1,0
BRDA:41,4,0,0
BRDA:41,4,1,2
BRDA:41,5,0,2
BRDA:41,5,1,0
BRDA:45,6,0,0
BRDA:45,6,1,2
BRDA:50,7,0,0
BRDA:50,7,1,2
BRDA:50,8,0,2
BRDA:50,8,1,0
BRDA:64,9,0,0
BRDA:64,9,1,2
BRDA:64,10,0,2
BRDA:64,10,1,2
BRF:22
BRH:12
end_of_record
TN:
SF:models\productModel.js
FNF:0
FNH:0
DA:1,3
DA:3,3
DA:46,3
LF:3
LH:3
BRF:0
BRH:0
end_of_record
TN:
SF:models\userModel.js
FNF:0
FNH:0
DA:1,1
DA:3,1
DA:25,1
LF:3
LH:3
BRF:0
BRH:0
end_of_record
